WARNING:tensorflow:From /home/ninas96211/Applications/anaconda3/envs/GE2E/lib/python3.6/site-packages/tensorflow/python/ops/clip_ops.py:113: calling reduce_sum (from tensorflow.python.ops.math_ops) with keep_dims is deprecated and will be removed in a future version.
Instructions for updating:
keep_dims is deprecated, use keepdims instead
2018-08-25 18:49:08.297240: I tensorflow/core/platform/cpu_feature_guard.cc:140] Your CPU supports instructions that this TensorFlow binary was not compiled to use: AVX2 FMA
2018-08-25 18:49:08.652317: I tensorflow/core/common_runtime/gpu/gpu_device.cc:1212] Found device 0 with properties: 
name: TITAN V major: 7 minor: 0 memoryClockRate(GHz): 1.455
pciBusID: 0000:05:00.0
totalMemory: 11.78GiB freeMemory: 11.36GiB
2018-08-25 18:49:08.939158: I tensorflow/core/common_runtime/gpu/gpu_device.cc:1212] Found device 1 with properties: 
name: TITAN V major: 7 minor: 0 memoryClockRate(GHz): 1.455
pciBusID: 0000:06:00.0
totalMemory: 11.78GiB freeMemory: 11.36GiB
2018-08-25 18:49:09.231028: I tensorflow/core/common_runtime/gpu/gpu_device.cc:1212] Found device 2 with properties: 
name: TITAN V major: 7 minor: 0 memoryClockRate(GHz): 1.455
pciBusID: 0000:09:00.0
totalMemory: 11.78GiB freeMemory: 11.36GiB
2018-08-25 18:49:09.508567: I tensorflow/core/common_runtime/gpu/gpu_device.cc:1212] Found device 3 with properties: 
name: TITAN V major: 7 minor: 0 memoryClockRate(GHz): 1.455
pciBusID: 0000:0a:00.0
totalMemory: 11.78GiB freeMemory: 11.36GiB
2018-08-25 18:49:09.514855: I tensorflow/core/common_runtime/gpu/gpu_device.cc:1227] Device peer to peer matrix
2018-08-25 18:49:09.514942: I tensorflow/core/common_runtime/gpu/gpu_device.cc:1233] DMA: 0 1 2 3 
2018-08-25 18:49:09.514951: I tensorflow/core/common_runtime/gpu/gpu_device.cc:1243] 0:   Y Y Y Y 
2018-08-25 18:49:09.514955: I tensorflow/core/common_runtime/gpu/gpu_device.cc:1243] 1:   Y Y Y Y 
2018-08-25 18:49:09.514960: I tensorflow/core/common_runtime/gpu/gpu_device.cc:1243] 2:   Y Y Y Y 
2018-08-25 18:49:09.514964: I tensorflow/core/common_runtime/gpu/gpu_device.cc:1243] 3:   Y Y Y Y 
2018-08-25 18:49:09.514973: I tensorflow/core/common_runtime/gpu/gpu_device.cc:1312] Adding visible gpu devices: 0, 1, 2, 3
2018-08-25 18:49:10.392647: I tensorflow/core/common_runtime/gpu/gpu_device.cc:993] Creating TensorFlow device (/job:localhost/replica:0/task:0/device:GPU:0 with 10979 MB memory) -> physical GPU (device: 0, name: TITAN V, pci bus id: 0000:05:00.0, compute capability: 7.0)
2018-08-25 18:49:10.505415: I tensorflow/core/common_runtime/gpu/gpu_device.cc:993] Creating TensorFlow device (/job:localhost/replica:0/task:0/device:GPU:1 with 10980 MB memory) -> physical GPU (device: 1, name: TITAN V, pci bus id: 0000:06:00.0, compute capability: 7.0)
2018-08-25 18:49:10.618777: I tensorflow/core/common_runtime/gpu/gpu_device.cc:993] Creating TensorFlow device (/job:localhost/replica:0/task:0/device:GPU:2 with 10980 MB memory) -> physical GPU (device: 2, name: TITAN V, pci bus id: 0000:09:00.0, compute capability: 7.0)
2018-08-25 18:49:10.731474: I tensorflow/core/common_runtime/gpu/gpu_device.cc:993] Creating TensorFlow device (/job:localhost/replica:0/task:0/device:GPU:3 with 10980 MB memory) -> physical GPU (device: 3, name: TITAN V, pci bus id: 0000:0a:00.0, compute capability: 7.0)
